<?xml version="1.0" encoding="UTF-8"?>
<!-- Generated by org.testng.reporters.JUnitXMLReporter -->
<testsuite ignored="0" hostname="DESKTOP-MQ76IU3" failures="0" tests="6" name="FunctionalTests" time="0.061" errors="0" timestamp="2026-04-10T19:43:29 EEST">
  <testcase classname="ua.khpi.oop.lab04.BusSystemTest" name="testAddRouteUpdatesCount" time="0.006"/>
  <testcase classname="ua.khpi.oop.lab04.BusSystemTest" name="testBusCreation" time="0.002"/>
  <testcase classname="ua.khpi.oop.lab04.BusSystemTest" name="testBusCreation" time="0.0"/>
  <testcase classname="ua.khpi.oop.lab04.BusSystemTest" name="testBusCreation" time="0.0"/>
  <testcase classname="ua.khpi.oop.lab04.BusSystemTest" name="testInvalidBusCapacity" time="0.001"/>
  <testcase classname="ua.khpi.oop.lab04.BusSystemTest" name="testMinimumCapacity" time="0.0"/>
</testsuite> <!-- FunctionalTests -->
