<?xml version="1.0" encoding="UTF-8"?>
<testsuite xmlns:xsi="http://www.w3.org/2001/XMLSchema-instance" xsi:noNamespaceSchemaLocation="https://maven.apache.org/surefire/maven-surefire-plugin/xsd/surefire-test-report.xsd" version="3.0.2" name="TestSuite" time="0.527" tests="6" errors="0" skipped="0" failures="0" flakes="0">
  <properties>
[...]
</properties>
  <testcase name="testAddRouteUpdatesCount" classname="ua.khpi.oop.lab04.BusSystemTest" time="0.006">
    <system-err><![CDATA[SLF4J(W): No SLF4J providers were found.
SLF4J(W): Defaulting to no-operation (NOP) logger implementation
SLF4J(W): See https://www.slf4j.org/codes.html#noProviders for further details.
]]></system-err>
  </testcase>
  <testcase name="testBusCreation[AA 1111 AA, 20](1)" classname="ua.khpi.oop.lab04.BusSystemTest" time="0.001"/>
  <testcase name="testBusCreation[BB 2222 BB, 45](2)" classname="ua.khpi.oop.lab04.BusSystemTest" time="0.0"/>
  <testcase name="testBusCreation[CC 3333 CC, 80](3)" classname="ua.khpi.oop.lab04.BusSystemTest" time="0.001"/>
  <testcase name="testInvalidBusCapacity" classname="ua.khpi.oop.lab04.BusSystemTest" time="0.0"/>
  <testcase name="testMinimumCapacity" classname="ua.khpi.oop.lab04.BusSystemTest" time="0.0"/>
</testsuite>