<?xml version="1.0" encoding="UTF-8"?>
<testng-results ignored="0" total="6" passed="6" failed="0" skipped="0">
  <reporter-output>
  </reporter-output>
  <suite started-at="2026-04-10T19:43:29 EEST" name="BusTransportSuite" finished-at="2026-04-10T19:43:29 EEST" duration-ms="61">
    <groups>
      <group name="boundary">
        <method signature="BusSystemTest.testMinimumCapacity()[pri:0, instance:ua.khpi.oop.lab04.BusSystemTest@37052337]" name="testMinimumCapacity" class="ua.khpi.oop.lab04.BusSystemTest"/>
      </group> <!-- boundary -->
      <group name="negative">
        <method signature="BusSystemTest.testInvalidBusCapacity()[pri:0, instance:ua.khpi.oop.lab04.BusSystemTest@37052337]" name="testInvalidBusCapacity" class="ua.khpi.oop.lab04.BusSystemTest"/>
      </group> <!-- negative -->
      <group name="smoke">
        <method signature="BusSystemTest.testAddRouteUpdatesCount()[pri:0, instance:ua.khpi.oop.lab04.BusSystemTest@37052337]" name="testAddRouteUpdatesCount" class="ua.khpi.oop.lab04.BusSystemTest"/>
        <method signature="BusSystemTest.testBusCreation(java.lang.String,int)[pri:0, instance:ua.khpi.oop.lab04.BusSystemTest@37052337]" name="testBusCreation" class="ua.khpi.oop.lab04.BusSystemTest"/>
      </group> <!-- smoke -->
    </groups>
    <test started-at="2026-04-10T19:43:29 EEST" name="FunctionalTests" finished-at="2026-04-10T19:43:29 EEST" duration-ms="61">
      <class name="ua.khpi.oop.lab04.BusSystemTest">
        <test-method is-config="true" signature="setUp()[pri:0, instance:ua.khpi.oop.lab04.BusSystemTest@37052337]" started-at="2026-04-10T19:43:29 EEST" name="setUp" finished-at="2026-04-10T19:43:29 EEST" duration-ms="7" status="PASS">
          <reporter-output>
          </reporter-output>
        </test-method> <!-- setUp -->
        <test-method signature="testAddRouteUpdatesCount()[pri:0, instance:ua.khpi.oop.lab04.BusSystemTest@37052337]" started-at="2026-04-10T19:43:29 EEST" name="testAddRouteUpdatesCount" finished-at="2026-04-10T19:43:29 EEST" duration-ms="6" status="PASS">
          <reporter-output>
          </reporter-output>
        </test-method> <!-- testAddRouteUpdatesCount -->
        <test-method signature="testBusCreation(java.lang.String,int)[pri:0, instance:ua.khpi.oop.lab04.BusSystemTest@37052337]" started-at="2026-04-10T19:43:29 EEST" name="testBusCreation" data-provider="busData" finished-at="2026-04-10T19:43:29 EEST" duration-ms="2" status="PASS">
          <params>
            <param index="0">
              <value>
                <![CDATA[AA 1111 AA]]>
              </value>
            </param>
            <param index="1">
              <value>
                <![CDATA[20]]>
              </value>
            </param>
          </params>
          <reporter-output>
          </reporter-output>
        </test-method> <!-- testBusCreation -->
        <test-method is-config="true" signature="setUp()[pri:0, instance:ua.khpi.oop.lab04.BusSystemTest@37052337]" started-at="2026-04-10T19:43:29 EEST" name="setUp" finished-at="2026-04-10T19:43:29 EEST" duration-ms="0" status="PASS">
          <reporter-output>
          </reporter-output>
        </test-method> <!-- setUp -->
        <test-method signature="testBusCreation(java.lang.String,int)[pri:0, instance:ua.khpi.oop.lab04.BusSystemTest@37052337]" started-at="2026-04-10T19:43:29 EEST" name="testBusCreation" data-provider="busData" finished-at="2026-04-10T19:43:29 EEST" duration-ms="0" status="PASS">
          <params>
            <param index="0">
              <value>
                <![CDATA[BB 2222 BB]]>
              </value>
            </param>
            <param index="1">
              <value>
                <![CDATA[45]]>
              </value>
            </param>
          </params>
          <reporter-output>
          </reporter-output>
        </test-method> <!-- testBusCreation -->
        <test-method is-config="true" signature="setUp()[pri:0, instance:ua.khpi.oop.lab04.BusSystemTest@37052337]" started-at="2026-04-10T19:43:29 EEST" name="setUp" finished-at="2026-04-10T19:43:29 EEST" duration-ms="0" status="PASS">
          <reporter-output>
          </reporter-output>
        </test-method> <!-- setUp -->
        <test-method signature="testBusCreation(java.lang.String,int)[pri:0, instance:ua.khpi.oop.lab04.BusSystemTest@37052337]" started-at="2026-04-10T19:43:29 EEST" name="testBusCreation" data-provider="busData" finished-at="2026-04-10T19:43:29 EEST" duration-ms="0" status="PASS">
          <params>
            <param index="0">
              <value>
                <![CDATA[CC 3333 CC]]>
              </value>
            </param>
            <param index="1">
              <value>
                <![CDATA[80]]>
              </value>
            </param>
          </params>
          <reporter-output>
          </reporter-output>
        </test-method> <!-- testBusCreation -->
        <test-method is-config="true" signature="setUp()[pri:0, instance:ua.khpi.oop.lab04.BusSystemTest@37052337]" started-at="2026-04-10T19:43:29 EEST" name="setUp" finished-at="2026-04-10T19:43:29 EEST" duration-ms="0" status="PASS">
          <reporter-output>
          </reporter-output>
        </test-method> <!-- setUp -->
        <test-method signature="testInvalidBusCapacity()[pri:0, instance:ua.khpi.oop.lab04.BusSystemTest@37052337]" started-at="2026-04-10T19:43:29 EEST" name="testInvalidBusCapacity" finished-at="2026-04-10T19:43:29 EEST" duration-ms="1" status="PASS">
          <exception class="java.lang.IllegalArgumentException">
            <message>
              <![CDATA[Місткість має бути більшою за 0]]>
            </message>
            <full-stacktrace>
              <![CDATA[java.lang.IllegalArgumentException: Місткість має бути більшою за 0
at ua.khpi.oop.lab03.Bus.<init>(Bus.java:9)
at ua.khpi.oop.lab04.BusSystemTest.testInvalidBusCapacity(BusSystemTest.java:42)
at java.base/jdk.internal.reflect.DirectMethodHandleAccessor.invoke(DirectMethodHandleAccessor.java:103)
at java.base/java.lang.reflect.Method.invoke(Method.java:580)
at org.testng.internal.invokers.MethodInvocationHelper.invokeMethod(MethodInvocationHelper.java:141)
at org.testng.internal.invokers.TestInvoker.invokeMethod(TestInvoker.java:687)
at org.testng.internal.invokers.TestInvoker.invokeTestMethod(TestInvoker.java:230)
at org.testng.internal.invokers.MethodRunner.runInSequence(MethodRunner.java:63)
at org.testng.internal.invokers.TestInvoker$MethodInvocationAgent.invoke(TestInvoker.java:995)
at org.testng.internal.invokers.TestInvoker.invokeTestMethods(TestInvoker.java:203)
at org.testng.internal.invokers.TestMethodWorker.invokeTestMethods(TestMethodWorker.java:154)
at org.testng.internal.invokers.TestMethodWorker.run(TestMethodWorker.java:134)
at java.base/java.util.ArrayList.forEach(ArrayList.java:1596)
at org.testng.TestRunner.privateRun(TestRunner.java:741)
at org.testng.TestRunner.run(TestRunner.java:616)
at org.testng.SuiteRunner.runTest(SuiteRunner.java:421)
at org.testng.SuiteRunner.runSequentially(SuiteRunner.java:413)
at org.testng.SuiteRunner.privateRun(SuiteRunner.java:373)
at org.testng.SuiteRunner.run(SuiteRunner.java:312)
at org.testng.SuiteRunnerWorker.runSuite(SuiteRunnerWorker.java:52)
at org.testng.SuiteRunnerWorker.run(SuiteRunnerWorker.java:95)
at org.testng.TestNG.runSuitesSequentially(TestNG.java:1274)
at org.testng.TestNG.runSuitesLocally(TestNG.java:1208)
at org.testng.TestNG.runSuites(TestNG.java:1112)
at org.testng.TestNG.run(TestNG.java:1079)
at org.apache.maven.surefire.testng.TestNGExecutor.run(TestNGExecutor.java:308)
at org.apache.maven.surefire.testng.TestNGXmlTestSuite.execute(TestNGXmlTestSuite.java:71)
at org.apache.maven.surefire.testng.TestNGProvider.invoke(TestNGProvider.java:113)
at org.apache.maven.surefire.booter.ForkedBooter.runSuitesInProcess(ForkedBooter.java:385)
at org.apache.maven.surefire.booter.ForkedBooter.execute(ForkedBooter.java:162)
at org.apache.maven.surefire.booter.ForkedBooter.run(ForkedBooter.java:507)
at org.apache.maven.surefire.booter.ForkedBooter.main(ForkedBooter.java:495)
]]>
            </full-stacktrace>
          </exception> <!-- java.lang.IllegalArgumentException -->
          <reporter-output>
          </reporter-output>
        </test-method> <!-- testInvalidBusCapacity -->
        <test-method is-config="true" signature="setUp()[pri:0, instance:ua.khpi.oop.lab04.BusSystemTest@37052337]" started-at="2026-04-10T19:43:29 EEST" name="setUp" finished-at="2026-04-10T19:43:29 EEST" duration-ms="0" status="PASS">
          <reporter-output>
          </reporter-output>
        </test-method> <!-- setUp -->
        <test-method signature="testMinimumCapacity()[pri:0, instance:ua.khpi.oop.lab04.BusSystemTest@37052337]" started-at="2026-04-10T19:43:29 EEST" name="testMinimumCapacity" finished-at="2026-04-10T19:43:29 EEST" duration-ms="0" status="PASS">
          <reporter-output>
          </reporter-output>
        </test-method> <!-- testMinimumCapacity -->
        <test-method is-config="true" signature="setUp()[pri:0, instance:ua.khpi.oop.lab04.BusSystemTest@37052337]" started-at="2026-04-10T19:43:29 EEST" name="setUp" finished-at="2026-04-10T19:43:29 EEST" duration-ms="0" status="PASS">
          <reporter-output>
          </reporter-output>
        </test-method> <!-- setUp -->
      </class> <!-- ua.khpi.oop.lab04.BusSystemTest -->
    </test> <!-- FunctionalTests -->
  </suite> <!-- BusTransportSuite -->
</testng-results>
